{"/home/cdein/Projekte/hilfestellung/cbr-kernel/library/src/model/ModelClass.ts": {"path":"/home/cdein/Projekte/hilfestellung/cbr-kernel/library/src/model/ModelClass.ts","statementMap":{"0":{"start":{"line":1,"column":0},"end":{"line":1,"column":46}},"1":{"start":{"line":11,"column":4},"end":{"line":11,"column":12}},"2":{"start":{"line":10,"column":21},"end":{"line":10,"column":31}},"3":{"start":{"line":17,"column":24},"end":{"line":17,"column":68}},"4":{"start":{"line":18,"column":4},"end":{"line":30,"column":null}},"5":{"start":{"line":19,"column":6},"end":{"line":19,"column":32}},"6":{"start":{"line":20,"column":11},"end":{"line":30,"column":null}},"7":{"start":{"line":21,"column":6},"end":{"line":21,"column":27}},"8":{"start":{"line":22,"column":11},"end":{"line":30,"column":null}},"9":{"start":{"line":23,"column":6},"end":{"line":23,"column":28}},"10":{"start":{"line":24,"column":11},"end":{"line":30,"column":null}},"11":{"start":{"line":25,"column":6},"end":{"line":25,"column":30}},"12":{"start":{"line":26,"column":11},"end":{"line":30,"column":null}},"13":{"start":{"line":27,"column":6},"end":{"line":27,"column":29}},"14":{"start":{"line":28,"column":11},"end":{"line":30,"column":null}},"15":{"start":{"line":29,"column":6},"end":{"line":29,"column":26}},"16":{"start":{"line":31,"column":4},"end":{"line":44,"column":null}},"17":{"start":{"line":32,"column":6},"end":{"line":43,"column":null}},"18":{"start":{"line":33,"column":26},"end":{"line":33,"column":67}},"19":{"start":{"line":34,"column":8},"end":{"line":36,"column":54}},"20":{"start":{"line":36,"column":32},"end":{"line":36,"column":52}},"21":{"start":{"line":37,"column":13},"end":{"line":43,"column":null}},"22":{"start":{"line":38,"column":26},"end":{"line":38,"column":61}},"23":{"start":{"line":39,"column":8},"end":{"line":42,"column":10}},"24":{"start":{"line":45,"column":4},"end":{"line":45,"column":18}},"25":{"start":{"line":7,"column":0},"end":{"line":7,"column":22}}},"fnMap":{"0":{"name":"(anonymous_0)","decl":{"start":{"line":10,"column":2},"end":{"line":10,"column":21}},"loc":{"start":{"line":10,"column":31},"end":{"line":12,"column":3}}},"1":{"name":"(anonymous_1)","decl":{"start":{"line":16,"column":2},"end":{"line":16,"column":8}},"loc":{"start":{"line":16,"column":34},"end":{"line":46,"column":3}}},"2":{"name":"(anonymous_2)","decl":{"start":{"line":36,"column":15},"end":{"line":36,"column":16}},"loc":{"start":{"line":36,"column":32},"end":{"line":36,"column":52}}}},"branchMap":{"0":{"loc":{"start":{"line":18,"column":4},"end":{"line":30,"column":null}},"type":"if","locations":[{"start":{"line":18,"column":4},"end":{"line":30,"column":null}},{"start":{"line":18,"column":4},"end":{"line":30,"column":null}}]},"1":{"loc":{"start":{"line":20,"column":11},"end":{"line":30,"column":null}},"type":"if","locations":[{"start":{"line":20,"column":11},"end":{"line":30,"column":null}},{"start":{"line":20,"column":11},"end":{"line":30,"column":null}}]},"2":{"loc":{"start":{"line":22,"column":11},"end":{"line":30,"column":null}},"type":"if","locations":[{"start":{"line":22,"column":11},"end":{"line":30,"column":null}},{"start":{"line":22,"column":11},"end":{"line":30,"column":null}}]},"3":{"loc":{"start":{"line":24,"column":11},"end":{"line":30,"column":null}},"type":"if","locations":[{"start":{"line":24,"column":11},"end":{"line":30,"column":null}},{"start":{"line":24,"column":11},"end":{"line":30,"column":null}}]},"4":{"loc":{"start":{"line":26,"column":11},"end":{"line":30,"column":null}},"type":"if","locations":[{"start":{"line":26,"column":11},"end":{"line":30,"column":null}},{"start":{"line":26,"column":11},"end":{"line":30,"column":null}}]},"5":{"loc":{"start":{"line":28,"column":11},"end":{"line":30,"column":null}},"type":"if","locations":[{"start":{"line":28,"column":11},"end":{"line":30,"column":null}},{"start":{"line":28,"column":11},"end":{"line":30,"column":null}}]},"6":{"loc":{"start":{"line":31,"column":4},"end":{"line":44,"column":null}},"type":"if","locations":[{"start":{"line":31,"column":4},"end":{"line":44,"column":null}},{"start":{"line":31,"column":4},"end":{"line":44,"column":null}}]},"7":{"loc":{"start":{"line":32,"column":6},"end":{"line":43,"column":null}},"type":"if","locations":[{"start":{"line":32,"column":6},"end":{"line":43,"column":null}},{"start":{"line":32,"column":6},"end":{"line":43,"column":null}}]},"8":{"loc":{"start":{"line":37,"column":13},"end":{"line":43,"column":null}},"type":"if","locations":[{"start":{"line":37,"column":13},"end":{"line":43,"column":null}},{"start":{"line":37,"column":13},"end":{"line":43,"column":null}}]}},"s":{"0":1,"1":7,"2":7,"3":6,"4":6,"5":1,"6":5,"7":1,"8":4,"9":1,"10":3,"11":1,"12":2,"13":1,"14":1,"15":1,"16":6,"17":0,"18":0,"19":0,"20":0,"21":0,"22":0,"23":0,"24":6,"25":1},"f":{"0":7,"1":6,"2":0},"b":{"0":[1,5],"1":[1,4],"2":[1,3],"3":[1,2],"4":[1,1],"5":[1,0],"6":[0,6],"7":[0,0],"8":[0,0]}}
,"/home/cdein/Projekte/hilfestellung/cbr-kernel/library/src/model/ModelElement.ts": {"path":"/home/cdein/Projekte/hilfestellung/cbr-kernel/library/src/model/ModelElement.ts","statementMap":{"0":{"start":{"line":6,"column":4},"end":{"line":11,"column":6}},"1":{"start":{"line":15,"column":4},"end":{"line":20,"column":6}},"2":{"start":{"line":24,"column":4},"end":{"line":24,"column":17}},"3":{"start":{"line":27,"column":4},"end":{"line":27,"column":17}},"4":{"start":{"line":30,"column":4},"end":{"line":30,"column":17}},"5":{"start":{"line":33,"column":4},"end":{"line":33,"column":17}},"6":{"start":{"line":36,"column":4},"end":{"line":36,"column":17}},"7":{"start":{"line":39,"column":4},"end":{"line":39,"column":17}},"8":{"start":{"line":1,"column":0},"end":{"line":1,"column":22}}},"fnMap":{"0":{"name":"(anonymous_0)","decl":{"start":{"line":5,"column":2},"end":{"line":5,"column":10}},"loc":{"start":{"line":5,"column":27},"end":{"line":12,"column":3}}},"1":{"name":"(anonymous_1)","decl":{"start":{"line":14,"column":2},"end":{"line":14,"column":13}},"loc":{"start":{"line":14,"column":43},"end":{"line":21,"column":3}}},"2":{"name":"(anonymous_2)","decl":{"start":{"line":23,"column":2},"end":{"line":23,"column":13}},"loc":{"start":{"line":23,"column":13},"end":{"line":25,"column":3}}},"3":{"name":"(anonymous_3)","decl":{"start":{"line":26,"column":2},"end":{"line":26,"column":7}},"loc":{"start":{"line":26,"column":7},"end":{"line":28,"column":3}}},"4":{"name":"(anonymous_4)","decl":{"start":{"line":29,"column":2},"end":{"line":29,"column":10}},"loc":{"start":{"line":29,"column":10},"end":{"line":31,"column":3}}},"5":{"name":"(anonymous_5)","decl":{"start":{"line":32,"column":2},"end":{"line":32,"column":11}},"loc":{"start":{"line":32,"column":11},"end":{"line":34,"column":3}}},"6":{"name":"(anonymous_6)","decl":{"start":{"line":35,"column":2},"end":{"line":35,"column":9}},"loc":{"start":{"line":35,"column":9},"end":{"line":37,"column":3}}},"7":{"name":"(anonymous_7)","decl":{"start":{"line":38,"column":2},"end":{"line":38,"column":8}},"loc":{"start":{"line":38,"column":8},"end":{"line":40,"column":3}}}},"branchMap":{"0":{"loc":{"start":{"line":7,"column":7},"end":{"line":7,"column":22}},"type":"binary-expr","locations":[{"start":{"line":7,"column":7},"end":{"line":7,"column":22}},{"start":{"line":8,"column":8},"end":{"line":8,"column":33}},{"start":{"line":9,"column":8},"end":{"line":9,"column":39}},{"start":{"line":10,"column":6},"end":{"line":10,"column":13}}]},"1":{"loc":{"start":{"line":16,"column":7},"end":{"line":16,"column":22}},"type":"binary-expr","locations":[{"start":{"line":16,"column":7},"end":{"line":16,"column":22}},{"start":{"line":17,"column":8},"end":{"line":17,"column":33}},{"start":{"line":18,"column":8},"end":{"line":18,"column":38}},{"start":{"line":19,"column":6},"end":{"line":19,"column":10}}]}},"s":{"0":4,"1":4,"2":1,"3":1,"4":1,"5":1,"6":1,"7":1,"8":2},"f":{"0":4,"1":4,"2":1,"3":1,"4":1,"5":1,"6":1,"7":1},"b":{"0":[4,4,2,2],"1":[4,4,3,2]}}
}
