{"/home/cdein/Projekte/hilfestellung/cbr-kernel/library/src/model/ModelClass.ts": {"path":"/home/cdein/Projekte/hilfestellung/cbr-kernel/library/src/model/ModelClass.ts","statementMap":{"0":{"start":{"line":1,"column":0},"end":{"line":1,"column":46}},"1":{"start":{"line":11,"column":4},"end":{"line":11,"column":12}},"2":{"start":{"line":10,"column":21},"end":{"line":10,"column":31}},"3":{"start":{"line":17,"column":24},"end":{"line":17,"column":68}},"4":{"start":{"line":18,"column":4},"end":{"line":30,"column":null}},"5":{"start":{"line":19,"column":6},"end":{"line":19,"column":32}},"6":{"start":{"line":20,"column":11},"end":{"line":30,"column":null}},"7":{"start":{"line":21,"column":6},"end":{"line":21,"column":27}},"8":{"start":{"line":22,"column":11},"end":{"line":30,"column":null}},"9":{"start":{"line":23,"column":6},"end":{"line":23,"column":28}},"10":{"start":{"line":24,"column":11},"end":{"line":30,"column":null}},"11":{"start":{"line":25,"column":6},"end":{"line":25,"column":30}},"12":{"start":{"line":26,"column":11},"end":{"line":30,"column":null}},"13":{"start":{"line":27,"column":6},"end":{"line":27,"column":29}},"14":{"start":{"line":28,"column":11},"end":{"line":30,"column":null}},"15":{"start":{"line":29,"column":6},"end":{"line":29,"column":26}},"16":{"start":{"line":31,"column":4},"end":{"line":44,"column":null}},"17":{"start":{"line":32,"column":6},"end":{"line":43,"column":null}},"18":{"start":{"line":33,"column":26},"end":{"line":33,"column":67}},"19":{"start":{"line":34,"column":8},"end":{"line":36,"column":54}},"20":{"start":{"line":36,"column":32},"end":{"line":36,"column":52}},"21":{"start":{"line":37,"column":13},"end":{"line":43,"column":null}},"22":{"start":{"line":38,"column":26},"end":{"line":38,"column":61}},"23":{"start":{"line":39,"column":8},"end":{"line":42,"column":10}},"24":{"start":{"line":45,"column":4},"end":{"line":45,"column":18}},"25":{"start":{"line":7,"column":0},"end":{"line":7,"column":22}}},"fnMap":{"0":{"name":"(anonymous_0)","decl":{"start":{"line":10,"column":2},"end":{"line":10,"column":21}},"loc":{"start":{"line":10,"column":31},"end":{"line":12,"column":3}}},"1":{"name":"(anonymous_1)","decl":{"start":{"line":16,"column":2},"end":{"line":16,"column":8}},"loc":{"start":{"line":16,"column":34},"end":{"line":46,"column":3}}},"2":{"name":"(anonymous_2)","decl":{"start":{"line":36,"column":15},"end":{"line":36,"column":16}},"loc":{"start":{"line":36,"column":32},"end":{"line":36,"column":52}}}},"branchMap":{"0":{"loc":{"start":{"line":18,"column":4},"end":{"line":30,"column":null}},"type":"if","locations":[{"start":{"line":18,"column":4},"end":{"line":30,"column":null}},{"start":{"line":18,"column":4},"end":{"line":30,"column":null}}]},"1":{"loc":{"start":{"line":20,"column":11},"end":{"line":30,"column":null}},"type":"if","locations":[{"start":{"line":20,"column":11},"end":{"line":30,"column":null}},{"start":{"line":20,"column":11},"end":{"line":30,"column":null}}]},"2":{"loc":{"start":{"line":22,"column":11},"end":{"line":30,"column":null}},"type":"if","locations":[{"start":{"line":22,"column":11},"end":{"line":30,"column":null}},{"start":{"line":22,"column":11},"end":{"line":30,"column":null}}]},"3":{"loc":{"start":{"line":24,"column":11},"end":{"line":30,"column":null}},"type":"if","locations":[{"start":{"line":24,"column":11},"end":{"line":30,"column":null}},{"start":{"line":24,"column":11},"end":{"line":30,"column":null}}]},"4":{"loc":{"start":{"line":26,"column":11},"end":{"line":30,"column":null}},"type":"if","locations":[{"start":{"line":26,"column":11},"end":{"line":30,"column":null}},{"start":{"line":26,"column":11},"end":{"line":30,"column":null}}]},"5":{"loc":{"start":{"line":28,"column":11},"end":{"line":30,"column":null}},"type":"if","locations":[{"start":{"line":28,"column":11},"end":{"line":30,"column":null}},{"start":{"line":28,"column":11},"end":{"line":30,"column":null}}]},"6":{"loc":{"start":{"line":31,"column":4},"end":{"line":44,"column":null}},"type":"if","locations":[{"start":{"line":31,"column":4},"end":{"line":44,"column":null}},{"start":{"line":31,"column":4},"end":{"line":44,"column":null}}]},"7":{"loc":{"start":{"line":32,"column":6},"end":{"line":43,"column":null}},"type":"if","locations":[{"start":{"line":32,"column":6},"end":{"line":43,"column":null}},{"start":{"line":32,"column":6},"end":{"line":43,"column":null}}]},"8":{"loc":{"start":{"line":37,"column":13},"end":{"line":43,"column":null}},"type":"if","locations":[{"start":{"line":37,"column":13},"end":{"line":43,"column":null}},{"start":{"line":37,"column":13},"end":{"line":43,"column":null}}]}},"s":{"0":1,"1":9,"2":9,"3":8,"4":8,"5":1,"6":7,"7":1,"8":6,"9":1,"10":5,"11":2,"12":3,"13":2,"14":1,"15":1,"16":8,"17":2,"18":1,"19":1,"20":3,"21":1,"22":1,"23":1,"24":8,"25":1},"f":{"0":9,"1":8,"2":3},"b":{"0":[1,7],"1":[1,6],"2":[1,5],"3":[2,3],"4":[2,1],"5":[1,0],"6":[2,6],"7":[1,1],"8":[1,0]}}
,"/home/cdein/Projekte/hilfestellung/cbr-kernel/library/src/model/ModelElement.ts": {"path":"/home/cdein/Projekte/hilfestellung/cbr-kernel/library/src/model/ModelElement.ts","statementMap":{"0":{"start":{"line":6,"column":4},"end":{"line":11,"column":6}},"1":{"start":{"line":15,"column":4},"end":{"line":20,"column":6}},"2":{"start":{"line":24,"column":4},"end":{"line":24,"column":17}},"3":{"start":{"line":27,"column":4},"end":{"line":27,"column":17}},"4":{"start":{"line":30,"column":4},"end":{"line":30,"column":17}},"5":{"start":{"line":33,"column":4},"end":{"line":33,"column":17}},"6":{"start":{"line":36,"column":4},"end":{"line":36,"column":17}},"7":{"start":{"line":39,"column":4},"end":{"line":39,"column":17}},"8":{"start":{"line":1,"column":0},"end":{"line":1,"column":22}}},"fnMap":{"0":{"name":"(anonymous_0)","decl":{"start":{"line":5,"column":2},"end":{"line":5,"column":10}},"loc":{"start":{"line":5,"column":27},"end":{"line":12,"column":3}}},"1":{"name":"(anonymous_1)","decl":{"start":{"line":14,"column":2},"end":{"line":14,"column":13}},"loc":{"start":{"line":14,"column":43},"end":{"line":21,"column":3}}},"2":{"name":"(anonymous_2)","decl":{"start":{"line":23,"column":2},"end":{"line":23,"column":13}},"loc":{"start":{"line":23,"column":13},"end":{"line":25,"column":3}}},"3":{"name":"(anonymous_3)","decl":{"start":{"line":26,"column":2},"end":{"line":26,"column":7}},"loc":{"start":{"line":26,"column":7},"end":{"line":28,"column":3}}},"4":{"name":"(anonymous_4)","decl":{"start":{"line":29,"column":2},"end":{"line":29,"column":10}},"loc":{"start":{"line":29,"column":10},"end":{"line":31,"column":3}}},"5":{"name":"(anonymous_5)","decl":{"start":{"line":32,"column":2},"end":{"line":32,"column":11}},"loc":{"start":{"line":32,"column":11},"end":{"line":34,"column":3}}},"6":{"name":"(anonymous_6)","decl":{"start":{"line":35,"column":2},"end":{"line":35,"column":9}},"loc":{"start":{"line":35,"column":9},"end":{"line":37,"column":3}}},"7":{"name":"(anonymous_7)","decl":{"start":{"line":38,"column":2},"end":{"line":38,"column":8}},"loc":{"start":{"line":38,"column":8},"end":{"line":40,"column":3}}}},"branchMap":{"0":{"loc":{"start":{"line":7,"column":7},"end":{"line":7,"column":22}},"type":"binary-expr","locations":[{"start":{"line":7,"column":7},"end":{"line":7,"column":22}},{"start":{"line":8,"column":8},"end":{"line":8,"column":33}},{"start":{"line":9,"column":8},"end":{"line":9,"column":39}},{"start":{"line":10,"column":6},"end":{"line":10,"column":13}}]},"1":{"loc":{"start":{"line":16,"column":7},"end":{"line":16,"column":22}},"type":"binary-expr","locations":[{"start":{"line":16,"column":7},"end":{"line":16,"column":22}},{"start":{"line":17,"column":8},"end":{"line":17,"column":33}},{"start":{"line":18,"column":8},"end":{"line":18,"column":38}},{"start":{"line":19,"column":6},"end":{"line":19,"column":10}}]}},"s":{"0":4,"1":4,"2":1,"3":1,"4":1,"5":1,"6":1,"7":1,"8":5},"f":{"0":4,"1":4,"2":1,"3":1,"4":1,"5":1,"6":1,"7":1},"b":{"0":[4,4,2,2],"1":[4,4,3,2]}}
,"/home/cdein/Projekte/hilfestellung/cbr-kernel/library/src/model/ModelObject.ts": {"path":"/home/cdein/Projekte/hilfestellung/cbr-kernel/library/src/model/ModelObject.ts","statementMap":{"0":{"start":{"line":1,"column":0},"end":{"line":1,"column":46}},"1":{"start":{"line":9,"column":4},"end":{"line":9,"column":12}},"2":{"start":{"line":8,"column":21},"end":{"line":8,"column":26}},"3":{"start":{"line":5,"column":4},"end":{"line":5,"column":19}},"4":{"start":{"line":15,"column":4},"end":{"line":19,"column":null}},"5":{"start":{"line":16,"column":6},"end":{"line":16,"column":19}},"6":{"start":{"line":17,"column":11},"end":{"line":19,"column":null}},"7":{"start":{"line":18,"column":6},"end":{"line":18,"column":18}},"8":{"start":{"line":20,"column":4},"end":{"line":25,"column":null}},"9":{"start":{"line":21,"column":6},"end":{"line":24,"column":8}},"10":{"start":{"line":26,"column":4},"end":{"line":26,"column":40}},"11":{"start":{"line":30,"column":4},"end":{"line":30,"column":56}},"12":{"start":{"line":35,"column":34},"end":{"line":35,"column":38}},"13":{"start":{"line":36,"column":4},"end":{"line":43,"column":null}},"14":{"start":{"line":40,"column":6},"end":{"line":42,"column":73}},"15":{"start":{"line":41,"column":26},"end":{"line":41,"column":55}},"16":{"start":{"line":42,"column":23},"end":{"line":42,"column":71}},"17":{"start":{"line":44,"column":4},"end":{"line":49,"column":6}},"18":{"start":{"line":3,"column":0},"end":{"line":3,"column":22}}},"fnMap":{"0":{"name":"(anonymous_0)","decl":{"start":{"line":8,"column":2},"end":{"line":8,"column":21}},"loc":{"start":{"line":8,"column":26},"end":{"line":10,"column":3}}},"1":{"name":"(anonymous_1)","decl":{"start":{"line":4,"column":2},"end":{"line":4,"column":6}},"loc":{"start":{"line":4,"column":12},"end":{"line":6,"column":3}}},"2":{"name":"(anonymous_2)","decl":{"start":{"line":14,"column":2},"end":{"line":14,"column":8}},"loc":{"start":{"line":14,"column":32},"end":{"line":27,"column":3}}},"3":{"name":"(anonymous_3)","decl":{"start":{"line":29,"column":2},"end":{"line":29,"column":8}},"loc":{"start":{"line":29,"column":22},"end":{"line":31,"column":3}}},"4":{"name":"(anonymous_4)","decl":{"start":{"line":33,"column":2},"end":{"line":33,"column":10}},"loc":{"start":{"line":33,"column":10},"end":{"line":50,"column":3}}},"5":{"name":"(anonymous_5)","decl":{"start":{"line":41,"column":16},"end":{"line":41,"column":17}},"loc":{"start":{"line":41,"column":26},"end":{"line":41,"column":55}}},"6":{"name":"(anonymous_6)","decl":{"start":{"line":42,"column":13},"end":{"line":42,"column":14}},"loc":{"start":{"line":42,"column":23},"end":{"line":42,"column":71}}}},"branchMap":{"0":{"loc":{"start":{"line":15,"column":4},"end":{"line":19,"column":null}},"type":"if","locations":[{"start":{"line":15,"column":4},"end":{"line":19,"column":null}},{"start":{"line":15,"column":4},"end":{"line":19,"column":null}}]},"1":{"loc":{"start":{"line":17,"column":11},"end":{"line":19,"column":null}},"type":"if","locations":[{"start":{"line":17,"column":11},"end":{"line":19,"column":null}},{"start":{"line":17,"column":11},"end":{"line":19,"column":null}}]},"2":{"loc":{"start":{"line":20,"column":4},"end":{"line":25,"column":null}},"type":"if","locations":[{"start":{"line":20,"column":4},"end":{"line":25,"column":null}},{"start":{"line":20,"column":4},"end":{"line":25,"column":null}}]},"3":{"loc":{"start":{"line":20,"column":8},"end":{"line":20,"column":21}},"type":"binary-expr","locations":[{"start":{"line":20,"column":8},"end":{"line":20,"column":21}},{"start":{"line":20,"column":25},"end":{"line":20,"column":39}}]},"4":{"loc":{"start":{"line":36,"column":4},"end":{"line":43,"column":null}},"type":"if","locations":[{"start":{"line":36,"column":4},"end":{"line":43,"column":null}},{"start":{"line":36,"column":4},"end":{"line":43,"column":null}}]},"5":{"loc":{"start":{"line":37,"column":6},"end":{"line":37,"column":21}},"type":"binary-expr","locations":[{"start":{"line":37,"column":6},"end":{"line":37,"column":21}},{"start":{"line":38,"column":6},"end":{"line":38,"column":59}}]},"6":{"loc":{"start":{"line":47,"column":24},"end":{"line":47,"column":53}},"type":"cond-expr","locations":[{"start":{"line":47,"column":24},"end":{"line":47,"column":53}},{"start":{"line":47,"column":56},"end":{"line":47,"column":58}}]}},"s":{"0":4,"1":41,"2":41,"3":20,"4":10,"5":1,"6":9,"7":5,"8":4,"9":2,"10":2,"11":5,"12":2,"13":2,"14":1,"15":2,"16":2,"17":2,"18":4},"f":{"0":41,"1":20,"2":10,"3":5,"4":2,"5":2,"6":2},"b":{"0":[1,9],"1":[5,4],"2":[2,2],"3":[4,2],"4":[1,1],"5":[2,1],"6":[1,1]}}
,"/home/cdein/Projekte/hilfestellung/cbr-kernel/library/src/model/PredicateAggregate.ts": {"path":"/home/cdein/Projekte/hilfestellung/cbr-kernel/library/src/model/PredicateAggregate.ts","statementMap":{"0":{"start":{"line":6,"column":4},"end":{"line":6,"column":16}},"1":{"start":{"line":9,"column":4},"end":{"line":9,"column":17}},"2":{"start":{"line":12,"column":4},"end":{"line":12,"column":17}},"3":{"start":{"line":15,"column":4},"end":{"line":15,"column":40}},"4":{"start":{"line":18,"column":4},"end":{"line":18,"column":40}},"5":{"start":{"line":21,"column":4},"end":{"line":21,"column":40}},"6":{"start":{"line":4,"column":0},"end":{"line":4,"column":13}}},"fnMap":{"0":{"name":"(anonymous_0)","decl":{"start":{"line":5,"column":2},"end":{"line":5,"column":13}},"loc":{"start":{"line":5,"column":13},"end":{"line":7,"column":3}}},"1":{"name":"(anonymous_1)","decl":{"start":{"line":8,"column":2},"end":{"line":8,"column":14}},"loc":{"start":{"line":8,"column":14},"end":{"line":10,"column":3}}},"2":{"name":"(anonymous_2)","decl":{"start":{"line":11,"column":2},"end":{"line":11,"column":9}},"loc":{"start":{"line":11,"column":9},"end":{"line":13,"column":3}}},"3":{"name":"(anonymous_3)","decl":{"start":{"line":14,"column":2},"end":{"line":14,"column":16}},"loc":{"start":{"line":14,"column":16},"end":{"line":16,"column":3}}},"4":{"name":"(anonymous_4)","decl":{"start":{"line":17,"column":2},"end":{"line":17,"column":12}},"loc":{"start":{"line":17,"column":12},"end":{"line":19,"column":3}}},"5":{"name":"(anonymous_5)","decl":{"start":{"line":20,"column":2},"end":{"line":20,"column":12}},"loc":{"start":{"line":20,"column":12},"end":{"line":22,"column":3}}}},"branchMap":{},"s":{"0":1,"1":1,"2":1,"3":1,"4":1,"5":1,"6":1},"f":{"0":1,"1":1,"2":1,"3":1,"4":1,"5":1},"b":{}}
,"/home/cdein/Projekte/hilfestellung/cbr-kernel/library/src/model/PredicateEnumeration.ts": {"path":"/home/cdein/Projekte/hilfestellung/cbr-kernel/library/src/model/PredicateEnumeration.ts","statementMap":{"0":{"start":{"line":5,"column":22},"end":{"line":5,"column":46}},"1":{"start":{"line":7,"column":4},"end":{"line":9,"column":null}},"2":{"start":{"line":8,"column":6},"end":{"line":8,"column":13}},"3":{"start":{"line":10,"column":24},"end":{"line":10,"column":74}},"4":{"start":{"line":10,"column":52},"end":{"line":10,"column":73}},"5":{"start":{"line":11,"column":4},"end":{"line":15,"column":null}},"6":{"start":{"line":12,"column":6},"end":{"line":12,"column":30}},"7":{"start":{"line":14,"column":6},"end":{"line":14,"column":48}},"8":{"start":{"line":18,"column":4},"end":{"line":20,"column":null}},"9":{"start":{"line":19,"column":6},"end":{"line":19,"column":54}},"10":{"start":{"line":19,"column":32},"end":{"line":19,"column":52}},"11":{"start":{"line":23,"column":4},"end":{"line":25,"column":null}},"12":{"start":{"line":24,"column":6},"end":{"line":24,"column":13}},"13":{"start":{"line":26,"column":18},"end":{"line":26,"column":73}},"14":{"start":{"line":26,"column":51},"end":{"line":26,"column":72}},"15":{"start":{"line":27,"column":4},"end":{"line":29,"column":null}},"16":{"start":{"line":28,"column":6},"end":{"line":28,"column":35}},"17":{"start":{"line":32,"column":4},"end":{"line":34,"column":null}},"18":{"start":{"line":33,"column":6},"end":{"line":33,"column":57}},"19":{"start":{"line":33,"column":32},"end":{"line":33,"column":55}},"20":{"start":{"line":37,"column":4},"end":{"line":37,"column":17}},"21":{"start":{"line":40,"column":4},"end":{"line":40,"column":16}},"22":{"start":{"line":43,"column":4},"end":{"line":43,"column":17}},"23":{"start":{"line":46,"column":4},"end":{"line":46,"column":28}},"24":{"start":{"line":49,"column":4},"end":{"line":49,"column":40}},"25":{"start":{"line":52,"column":4},"end":{"line":52,"column":40}},"26":{"start":{"line":4,"column":0},"end":{"line":4,"column":13}}},"fnMap":{"0":{"name":"(anonymous_0)","decl":{"start":{"line":5,"column":2},"end":{"line":5,"column":22}},"loc":{"start":{"line":5,"column":46},"end":{"line":5,"column":50}}},"1":{"name":"(anonymous_1)","decl":{"start":{"line":6,"column":2},"end":{"line":6,"column":10}},"loc":{"start":{"line":6,"column":32},"end":{"line":16,"column":3}}},"2":{"name":"(anonymous_2)","decl":{"start":{"line":10,"column":41},"end":{"line":10,"column":42}},"loc":{"start":{"line":10,"column":52},"end":{"line":10,"column":73}}},"3":{"name":"(anonymous_3)","decl":{"start":{"line":17,"column":2},"end":{"line":17,"column":11}},"loc":{"start":{"line":17,"column":36},"end":{"line":21,"column":3}}},"4":{"name":"(anonymous_4)","decl":{"start":{"line":19,"column":21},"end":{"line":19,"column":22}},"loc":{"start":{"line":19,"column":32},"end":{"line":19,"column":52}}},"5":{"name":"(anonymous_5)","decl":{"start":{"line":22,"column":2},"end":{"line":22,"column":13}},"loc":{"start":{"line":22,"column":35},"end":{"line":30,"column":3}}},"6":{"name":"(anonymous_6)","decl":{"start":{"line":26,"column":40},"end":{"line":26,"column":41}},"loc":{"start":{"line":26,"column":51},"end":{"line":26,"column":72}}},"7":{"name":"(anonymous_7)","decl":{"start":{"line":31,"column":2},"end":{"line":31,"column":14}},"loc":{"start":{"line":31,"column":39},"end":{"line":35,"column":3}}},"8":{"name":"(anonymous_8)","decl":{"start":{"line":33,"column":21},"end":{"line":33,"column":22}},"loc":{"start":{"line":33,"column":32},"end":{"line":33,"column":55}}},"9":{"name":"(anonymous_9)","decl":{"start":{"line":36,"column":2},"end":{"line":36,"column":13}},"loc":{"start":{"line":36,"column":13},"end":{"line":38,"column":3}}},"10":{"name":"(anonymous_10)","decl":{"start":{"line":39,"column":2},"end":{"line":39,"column":14}},"loc":{"start":{"line":39,"column":14},"end":{"line":41,"column":3}}},"11":{"name":"(anonymous_11)","decl":{"start":{"line":42,"column":2},"end":{"line":42,"column":9}},"loc":{"start":{"line":42,"column":9},"end":{"line":44,"column":3}}},"12":{"name":"(anonymous_12)","decl":{"start":{"line":45,"column":2},"end":{"line":45,"column":16}},"loc":{"start":{"line":45,"column":16},"end":{"line":47,"column":3}}},"13":{"name":"(anonymous_13)","decl":{"start":{"line":48,"column":2},"end":{"line":48,"column":12}},"loc":{"start":{"line":48,"column":12},"end":{"line":50,"column":3}}},"14":{"name":"(anonymous_14)","decl":{"start":{"line":51,"column":2},"end":{"line":51,"column":12}},"loc":{"start":{"line":51,"column":12},"end":{"line":53,"column":3}}}},"branchMap":{"0":{"loc":{"start":{"line":7,"column":4},"end":{"line":9,"column":null}},"type":"if","locations":[{"start":{"line":7,"column":4},"end":{"line":9,"column":null}},{"start":{"line":7,"column":4},"end":{"line":9,"column":null}}]},"1":{"loc":{"start":{"line":11,"column":4},"end":{"line":15,"column":null}},"type":"if","locations":[{"start":{"line":11,"column":4},"end":{"line":15,"column":null}},{"start":{"line":11,"column":4},"end":{"line":15,"column":null}}]},"2":{"loc":{"start":{"line":18,"column":4},"end":{"line":20,"column":null}},"type":"if","locations":[{"start":{"line":18,"column":4},"end":{"line":20,"column":null}},{"start":{"line":18,"column":4},"end":{"line":20,"column":null}}]},"3":{"loc":{"start":{"line":23,"column":4},"end":{"line":25,"column":null}},"type":"if","locations":[{"start":{"line":23,"column":4},"end":{"line":25,"column":null}},{"start":{"line":23,"column":4},"end":{"line":25,"column":null}}]},"4":{"loc":{"start":{"line":27,"column":4},"end":{"line":29,"column":null}},"type":"if","locations":[{"start":{"line":27,"column":4},"end":{"line":29,"column":null}},{"start":{"line":27,"column":4},"end":{"line":29,"column":null}}]},"5":{"loc":{"start":{"line":32,"column":4},"end":{"line":34,"column":null}},"type":"if","locations":[{"start":{"line":32,"column":4},"end":{"line":34,"column":null}},{"start":{"line":32,"column":4},"end":{"line":34,"column":null}}]}},"s":{"0":10,"1":5,"2":1,"3":4,"4":2,"5":4,"6":3,"7":1,"8":1,"9":1,"10":2,"11":5,"12":1,"13":4,"14":7,"15":4,"16":4,"17":1,"18":1,"19":2,"20":1,"21":2,"22":1,"23":9,"24":1,"25":1,"26":2},"f":{"0":10,"1":5,"2":2,"3":1,"4":2,"5":5,"6":7,"7":1,"8":2,"9":1,"10":2,"11":1,"12":9,"13":1,"14":1},"b":{"0":[1,4],"1":[3,1],"2":[1,0],"3":[1,4],"4":[4,0],"5":[1,0]}}
,"/home/cdein/Projekte/hilfestellung/cbr-kernel/library/src/model/PredicateRange.ts": {"path":"/home/cdein/Projekte/hilfestellung/cbr-kernel/library/src/model/PredicateRange.ts","statementMap":{"0":{"start":{"line":5,"column":22},"end":{"line":5,"column":41}},"1":{"start":{"line":5,"column":51},"end":{"line":5,"column":70}},"2":{"start":{"line":6,"column":4},"end":{"line":10,"column":null}},"3":{"start":{"line":7,"column":18},"end":{"line":7,"column":26}},"4":{"start":{"line":8,"column":6},"end":{"line":8,"column":26}},"5":{"start":{"line":9,"column":6},"end":{"line":9,"column":21}},"6":{"start":{"line":13,"column":4},"end":{"line":13,"column":17}},"7":{"start":{"line":16,"column":4},"end":{"line":16,"column":17}},"8":{"start":{"line":19,"column":4},"end":{"line":19,"column":16}},"9":{"start":{"line":22,"column":4},"end":{"line":22,"column":40}},"10":{"start":{"line":25,"column":4},"end":{"line":25,"column":20}},"11":{"start":{"line":28,"column":4},"end":{"line":28,"column":20}},"12":{"start":{"line":4,"column":0},"end":{"line":4,"column":13}}},"fnMap":{"0":{"name":"(anonymous_0)","decl":{"start":{"line":5,"column":2},"end":{"line":5,"column":22}},"loc":{"start":{"line":5,"column":70},"end":{"line":11,"column":3}}},"1":{"name":"(anonymous_1)","decl":{"start":{"line":12,"column":2},"end":{"line":12,"column":13}},"loc":{"start":{"line":12,"column":13},"end":{"line":14,"column":3}}},"2":{"name":"(anonymous_2)","decl":{"start":{"line":15,"column":2},"end":{"line":15,"column":14}},"loc":{"start":{"line":15,"column":14},"end":{"line":17,"column":3}}},"3":{"name":"(anonymous_3)","decl":{"start":{"line":18,"column":2},"end":{"line":18,"column":9}},"loc":{"start":{"line":18,"column":9},"end":{"line":20,"column":3}}},"4":{"name":"(anonymous_4)","decl":{"start":{"line":21,"column":2},"end":{"line":21,"column":16}},"loc":{"start":{"line":21,"column":16},"end":{"line":23,"column":3}}},"5":{"name":"(anonymous_5)","decl":{"start":{"line":24,"column":2},"end":{"line":24,"column":12}},"loc":{"start":{"line":24,"column":12},"end":{"line":26,"column":3}}},"6":{"name":"(anonymous_6)","decl":{"start":{"line":27,"column":2},"end":{"line":27,"column":12}},"loc":{"start":{"line":27,"column":12},"end":{"line":29,"column":3}}}},"branchMap":{"0":{"loc":{"start":{"line":6,"column":4},"end":{"line":10,"column":null}},"type":"if","locations":[{"start":{"line":6,"column":4},"end":{"line":10,"column":null}},{"start":{"line":6,"column":4},"end":{"line":10,"column":null}}]}},"s":{"0":6,"1":6,"2":6,"3":1,"4":1,"5":1,"6":1,"7":2,"8":2,"9":1,"10":6,"11":6,"12":2},"f":{"0":6,"1":1,"2":2,"3":2,"4":1,"5":6,"6":6},"b":{"0":[1,5]}}
}
