TN:
SF:src/exceptions/InvalidModelObject.ts
FNF:0
FNH:0
DA:1,2
LF:1
LH:1
BRF:0
BRH:0
end_of_record
TN:
SF:src/exceptions/InvalidValue.ts
FNF:0
FNH:0
DA:1,1
LF:1
LH:1
BRF:0
BRH:0
end_of_record
TN:
SF:src/exceptions/NullValue.ts
FNF:0
FNH:0
DA:1,1
LF:1
LH:1
BRF:0
BRH:0
end_of_record
TN:
SF:src/exceptions/UnexpectedPredicate.ts
FNF:0
FNH:0
DA:1,2
LF:1
LH:1
BRF:0
BRH:0
end_of_record
TN:
SF:src/model/ModelClass.ts
FN:12,(anonymous_0)
FN:18,(anonymous_1)
FN:26,(anonymous_2)
FN:59,(anonymous_3)
FN:79,(anonymous_4)
FNF:5
FNH:5
FNDA:21,(anonymous_0)
FNDA:12,(anonymous_1)
FNDA:5,(anonymous_2)
FNDA:8,(anonymous_3)
FNDA:3,(anonymous_4)
DA:1,2
DA:6,2
DA:7,2
DA:9,2
DA:12,21
DA:13,21
DA:19,12
DA:20,1
DA:21,11
DA:22,1
DA:23,10
DA:24,2
DA:26,5
DA:27,2
DA:28,1
DA:32,1
DA:33,8
DA:34,7
DA:35,7
DA:36,1
DA:40,6
DA:44,4
DA:46,2
DA:53,1
DA:60,8
DA:61,8
DA:62,1
DA:63,7
DA:64,1
DA:65,6
DA:66,1
DA:67,5
DA:68,2
DA:69,3
DA:70,2
DA:71,1
DA:72,1
DA:74,8
DA:75,2
DA:76,1
DA:77,1
DA:79,3
DA:80,1
DA:81,1
DA:82,1
DA:88,8
LF:46
LH:46
BRDA:19,0,0,1
BRDA:19,0,1,11
BRDA:21,1,0,1
BRDA:21,1,1,10
BRDA:23,2,0,2
BRDA:23,2,1,8
BRDA:27,3,0,1
BRDA:27,3,1,1
BRDA:33,4,0,7
BRDA:33,4,1,1
BRDA:35,5,0,1
BRDA:35,5,1,6
BRDA:40,6,0,4
BRDA:40,6,1,2
BRDA:41,7,0,6
BRDA:41,7,1,5
BRDA:61,8,0,1
BRDA:61,8,1,7
BRDA:63,9,0,1
BRDA:63,9,1,6
BRDA:65,10,0,1
BRDA:65,10,1,5
BRDA:67,11,0,2
BRDA:67,11,1,3
BRDA:69,12,0,2
BRDA:69,12,1,1
BRDA:71,13,0,1
BRDA:71,13,1,0
BRDA:74,14,0,2
BRDA:74,14,1,6
BRDA:75,15,0,1
BRDA:75,15,1,1
BRDA:80,16,0,1
BRDA:80,16,1,0
BRF:34
BRH:32
end_of_record
TN:
SF:src/model/ModelElement.ts
FN:5,(anonymous_0)
FN:14,(anonymous_1)
FN:23,(anonymous_2)
FN:26,(anonymous_3)
FN:29,(anonymous_4)
FN:32,(anonymous_5)
FN:35,(anonymous_6)
FN:38,(anonymous_7)
FNF:8
FNH:8
FNDA:5,(anonymous_0)
FNDA:4,(anonymous_1)
FNDA:4,(anonymous_2)
FNDA:4,(anonymous_3)
FNDA:1,(anonymous_4)
FNDA:4,(anonymous_5)
FNDA:4,(anonymous_6)
FNDA:4,(anonymous_7)
DA:1,7
DA:6,5
DA:15,4
DA:24,4
DA:27,4
DA:30,1
DA:33,4
DA:36,4
DA:39,4
LF:9
LH:9
BRDA:7,0,0,5
BRDA:7,0,1,5
BRDA:7,0,2,3
BRDA:7,0,3,2
BRDA:16,1,0,4
BRDA:16,1,1,4
BRDA:16,1,2,3
BRDA:16,1,3,2
BRF:8
BRH:8
end_of_record
TN:
SF:src/model/ModelObject.ts
FN:8,(anonymous_0)
FN:4,(anonymous_1)
FN:14,(anonymous_2)
FN:29,(anonymous_3)
FN:33,(anonymous_4)
FN:41,(anonymous_5)
FN:42,(anonymous_6)
FNF:7
FNH:7
FNDA:62,(anonymous_0)
FNDA:52,(anonymous_1)
FNDA:10,(anonymous_2)
FNDA:5,(anonymous_3)
FNDA:2,(anonymous_4)
FNDA:2,(anonymous_5)
FNDA:2,(anonymous_6)
DA:1,6
DA:3,6
DA:5,52
DA:8,62
DA:9,62
DA:15,10
DA:16,1
DA:17,9
DA:18,5
DA:20,4
DA:21,2
DA:26,2
DA:30,5
DA:35,2
DA:36,2
DA:40,1
DA:41,2
DA:42,2
DA:44,2
LF:19
LH:19
BRDA:15,0,0,1
BRDA:15,0,1,9
BRDA:17,1,0,5
BRDA:17,1,1,4
BRDA:20,2,0,2
BRDA:20,2,1,2
BRDA:20,3,0,4
BRDA:20,3,1,2
BRDA:36,4,0,1
BRDA:36,4,1,1
BRDA:37,5,0,2
BRDA:37,5,1,1
BRDA:47,6,0,1
BRDA:47,6,1,1
BRF:14
BRH:14
end_of_record
TN:
SF:src/model/PredicateAggregate.ts
FN:5,(anonymous_0)
FN:8,(anonymous_1)
FN:11,(anonymous_2)
FN:14,(anonymous_3)
FN:17,(anonymous_4)
FN:20,(anonymous_5)
FNF:6
FNH:6
FNDA:2,(anonymous_0)
FNDA:1,(anonymous_1)
FNDA:1,(anonymous_2)
FNDA:1,(anonymous_3)
FNDA:1,(anonymous_4)
FNDA:1,(anonymous_5)
DA:4,2
DA:6,2
DA:9,1
DA:12,1
DA:15,1
DA:18,1
DA:21,1
LF:7
LH:7
BRF:0
BRH:0
end_of_record
TN:
SF:src/model/PredicateEnumeration.ts
FN:5,(anonymous_0)
FN:6,(anonymous_1)
FN:10,(anonymous_2)
FN:17,(anonymous_3)
FN:19,(anonymous_4)
FN:22,(anonymous_5)
FN:26,(anonymous_6)
FN:31,(anonymous_7)
FN:33,(anonymous_8)
FN:36,(anonymous_9)
FN:39,(anonymous_10)
FN:42,(anonymous_11)
FN:45,(anonymous_12)
FN:48,(anonymous_13)
FN:51,(anonymous_14)
FNF:15
FNH:15
FNDA:12,(anonymous_0)
FNDA:5,(anonymous_1)
FNDA:2,(anonymous_2)
FNDA:1,(anonymous_3)
FNDA:2,(anonymous_4)
FNDA:5,(anonymous_5)
FNDA:7,(anonymous_6)
FNDA:1,(anonymous_7)
FNDA:2,(anonymous_8)
FNDA:3,(anonymous_9)
FNDA:4,(anonymous_10)
FNDA:1,(anonymous_11)
FNDA:11,(anonymous_12)
FNDA:1,(anonymous_13)
FNDA:1,(anonymous_14)
DA:4,2
DA:5,12
DA:7,5
DA:8,1
DA:10,4
DA:11,4
DA:12,3
DA:14,1
DA:18,1
DA:19,2
DA:23,5
DA:24,1
DA:26,7
DA:27,4
DA:28,4
DA:32,1
DA:33,2
DA:37,3
DA:40,4
DA:43,1
DA:46,11
DA:49,1
DA:52,1
LF:23
LH:23
BRDA:7,0,0,1
BRDA:7,0,1,4
BRDA:11,1,0,3
BRDA:11,1,1,1
BRDA:18,2,0,1
BRDA:18,2,1,0
BRDA:23,3,0,1
BRDA:23,3,1,4
BRDA:27,4,0,4
BRDA:27,4,1,0
BRDA:32,5,0,1
BRDA:32,5,1,0
BRF:12
BRH:9
end_of_record
TN:
SF:src/model/PredicateRange.ts
FN:5,(anonymous_0)
FN:12,(anonymous_1)
FN:15,(anonymous_2)
FN:18,(anonymous_3)
FN:21,(anonymous_4)
FN:24,(anonymous_5)
FN:27,(anonymous_6)
FNF:7
FNH:7
FNDA:9,(anonymous_0)
FNDA:8,(anonymous_1)
FNDA:9,(anonymous_2)
FNDA:9,(anonymous_3)
FNDA:1,(anonymous_4)
FNDA:14,(anonymous_5)
FNDA:13,(anonymous_6)
DA:4,2
DA:5,9
DA:6,9
DA:7,1
DA:8,1
DA:9,1
DA:13,8
DA:16,9
DA:19,9
DA:22,1
DA:25,14
DA:28,13
LF:12
LH:12
BRDA:6,0,0,1
BRDA:6,0,1,8
BRF:2
BRH:2
end_of_record
TN:
SF:src/model/StringClass.ts
FN:8,(anonymous_0)
FNF:1
FNH:1
FNDA:5,(anonymous_0)
DA:1,1
DA:3,1
DA:4,1
DA:5,1
DA:7,1
DA:9,5
DA:10,1
DA:12,4
DA:13,2
DA:15,2
DA:16,1
DA:17,1
DA:18,1
DA:20,1
LF:14
LH:14
BRDA:9,0,0,1
BRDA:9,0,1,4
BRDA:12,1,0,2
BRDA:12,1,1,2
BRDA:15,2,0,1
BRDA:15,2,1,1
BRDA:15,3,0,2
BRDA:15,3,1,2
BRF:8
BRH:8
end_of_record
TN:
SF:src/model/StringObject.ts
FN:4,(anonymous_0)
FN:8,(anonymous_1)
FNF:2
FNH:2
FNDA:1,(anonymous_0)
FNDA:3,(anonymous_1)
DA:1,2
DA:3,2
DA:5,1
DA:9,3
LF:4
LH:4
BRF:0
BRH:0
end_of_record
