TN:
SF:src/evaluation/LookupEvaluator.ts
FN:5,makeSymmetric
FN:7,(anonymous_1)
FN:9,(anonymous_2)
FN:23,(anonymous_3)
FN:37,(anonymous_4)
FN:53,(anonymous_5)
FN:57,(anonymous_6)
FN:61,(anonymous_7)
FN:71,(anonymous_8)
FN:93,(anonymous_9)
FNF:10
FNH:10
FNDA:1,makeSymmetric
FNDA:2,(anonymous_1)
FNDA:4,(anonymous_2)
FNDA:1,(anonymous_3)
FNDA:3,(anonymous_4)
FNDA:3,(anonymous_5)
FNDA:2,(anonymous_6)
FNDA:5,(anonymous_7)
FNDA:21,(anonymous_8)
FNDA:1,(anonymous_9)
DA:1,1
DA:3,1
DA:6,1
DA:7,1
DA:8,2
DA:9,2
DA:10,4
DA:11,4
DA:13,4
DA:14,2
DA:16,4
DA:17,4
DA:20,1
DA:23,1
DA:24,1
DA:25,1
DA:32,1
DA:43,3
DA:44,3
DA:45,2
DA:47,3
DA:48,2
DA:50,3
DA:54,3
DA:58,2
DA:62,5
DA:63,5
DA:64,5
DA:65,1
DA:67,4
DA:75,21
DA:81,3
DA:83,18
DA:84,2
DA:86,16
DA:87,16
DA:88,16
DA:94,1
DA:95,1
DA:96,1
DA:97,1
LF:41
LH:41
BRDA:10,0,0,4
BRDA:10,0,1,0
BRDA:13,1,0,2
BRDA:13,1,1,2
BRDA:23,2,0,1
BRDA:23,2,1,1
BRDA:44,3,0,2
BRDA:44,3,1,1
BRDA:47,4,0,2
BRDA:47,4,1,1
BRDA:64,5,0,1
BRDA:64,5,1,4
BRDA:75,6,0,3
BRDA:75,6,1,18
BRDA:76,7,0,21
BRDA:76,7,1,19
BRDA:76,7,2,18
BRDA:76,7,3,18
BRDA:83,8,0,2
BRDA:83,8,1,16
BRDA:87,9,0,16
BRDA:87,9,1,12
BRDA:89,10,0,12
BRDA:89,10,1,4
BRF:24
BRH:23
end_of_record
TN:
SF:src/evaluation/NumberEvaluator.ts
FN:6,getDistance
FN:19,getMaxDistance
FN:31,isLess
FN:52,computePolynom
FN:62,computeRoot
FN:72,computeSigmoid
FN:92,(anonymous_6)
FN:98,getInterpolation
FN:172,(anonymous_8)
FN:214,(anonymous_9)
FN:218,(anonymous_10)
FN:222,(anonymous_11)
FN:287,(anonymous_12)
FNF:13
FNH:9
FNDA:5,getDistance
FNDA:5,getMaxDistance
FNDA:3,isLess
FNDA:3,computePolynom
FNDA:0,computeRoot
FNDA:0,computeSigmoid
FNDA:1,(anonymous_6)
FNDA:3,getInterpolation
FNDA:4,(anonymous_8)
FNDA:0,(anonymous_9)
FNDA:0,(anonymous_10)
FNDA:6,(anonymous_11)
FNDA:1,(anonymous_12)
DA:1,1
DA:2,1
DA:12,5
DA:13,5
DA:14,0
DA:16,5
DA:25,5
DA:26,0
DA:28,5
DA:37,3
DA:38,3
DA:41,0
DA:42,0
DA:44,0
DA:46,0
DA:47,0
DA:49,3
DA:53,3
DA:54,3
DA:55,0
DA:56,0
DA:58,0
DA:63,0
DA:64,0
DA:65,0
DA:66,0
DA:68,0
DA:73,0
DA:74,0
DA:76,0
DA:77,0
DA:78,0
DA:80,0
DA:83,0
DA:84,0
DA:86,0
DA:92,1
DA:93,1
DA:94,1
DA:95,1
DA:101,3
DA:103,3
DA:105,0
DA:107,0
DA:109,0
DA:132,1
DA:149,1
DA:153,4
DA:154,4
DA:155,4
DA:157,4
DA:158,4
DA:159,4
DA:161,4
DA:162,4
DA:163,4
DA:165,4
DA:167,4
DA:173,4
DA:174,4
DA:179,4
DA:180,4
DA:184,4
DA:185,4
DA:186,4
DA:187,4
DA:188,4
DA:190,4
DA:191,4
DA:192,4
DA:194,4
DA:195,4
DA:196,4
DA:198,4
DA:201,4
DA:203,4
DA:204,1
DA:205,1
DA:206,1
DA:208,4
DA:209,4
DA:210,0
DA:215,0
DA:219,0
DA:228,6
DA:238,0
DA:240,6
DA:241,0
DA:242,0
DA:244,6
DA:245,6
DA:247,6
DA:248,1
DA:250,5
DA:252,5
DA:259,5
DA:260,3
DA:261,1
DA:262,1
DA:263,1
DA:264,1
DA:266,2
DA:267,2
DA:268,2
DA:269,2
DA:271,3
DA:272,0
DA:273,3
DA:274,0
DA:276,3
DA:277,3
DA:284,2
DA:288,1
DA:289,1
DA:290,1
DA:291,1
DA:292,1
DA:293,1
DA:294,1
DA:295,1
DA:296,1
DA:297,1
DA:298,1
DA:299,1
DA:300,1
LF:125
LH:90
BRDA:13,0,0,0
BRDA:13,0,1,5
BRDA:13,1,0,5
BRDA:13,1,1,0
BRDA:25,2,0,0
BRDA:25,2,1,5
BRDA:38,3,0,0
BRDA:38,3,1,3
BRDA:41,4,0,0
BRDA:41,4,1,0
BRDA:53,5,0,3
BRDA:53,5,1,0
BRDA:55,6,0,0
BRDA:55,6,1,0
BRDA:63,7,0,0
BRDA:63,7,1,0
BRDA:65,8,0,0
BRDA:65,8,1,0
BRDA:73,9,0,0
BRDA:73,9,1,0
BRDA:76,10,0,0
BRDA:76,10,1,0
BRDA:77,11,0,0
BRDA:77,11,1,0
BRDA:83,12,0,0
BRDA:83,12,1,0
BRDA:92,13,0,1
BRDA:92,13,1,1
BRDA:102,14,0,3
BRDA:102,14,1,0
BRDA:102,14,2,0
BRDA:102,14,3,0
BRDA:203,15,0,1
BRDA:203,15,1,3
BRDA:209,16,0,0
BRDA:209,16,1,4
BRDA:228,17,0,0
BRDA:228,17,1,6
BRDA:229,18,0,6
BRDA:229,18,1,6
BRDA:229,18,2,6
BRDA:229,18,3,0
BRDA:229,18,4,0
BRDA:229,18,5,0
BRDA:229,18,6,0
BRDA:229,18,7,0
BRDA:240,19,0,0
BRDA:240,19,1,6
BRDA:247,20,0,1
BRDA:247,20,1,5
BRDA:259,21,0,3
BRDA:259,21,1,2
BRDA:260,22,0,1
BRDA:260,22,1,2
BRDA:271,23,0,0
BRDA:271,23,1,3
BRDA:273,24,0,0
BRDA:273,24,1,3
BRF:58
BRH:24
end_of_record
TN:
SF:src/evaluation/Similarity.ts
FN:4,(anonymous_0)
FN:10,(anonymous_1)
FNF:2
FNH:2
FNDA:63,(anonymous_0)
FNDA:1,(anonymous_1)
DA:3,4
DA:5,63
DA:6,63
DA:7,63
DA:11,1
LF:5
LH:5
BRF:0
BRH:0
end_of_record
TN:
SF:src/evaluation/SimilarityEvaluator.ts
FN:5,(anonymous_0)
FN:7,(anonymous_1)
FN:21,(anonymous_2)
FNF:3
FNH:3
FNDA:10,(anonymous_0)
FNDA:4,(anonymous_1)
FNDA:3,(anonymous_2)
DA:2,3
DA:4,3
DA:5,10
DA:11,4
DA:12,2
DA:14,2
DA:22,3
LF:7
LH:7
BRDA:11,0,0,2
BRDA:11,0,1,2
BRDA:11,1,0,4
BRDA:11,1,1,3
BRDA:15,2,0,1
BRDA:15,2,1,1
BRF:6
BRH:6
end_of_record
TN:
SF:src/exceptions/InvalidModelObject.ts
FNF:0
FNH:0
DA:1,11
LF:1
LH:1
BRF:0
BRH:0
end_of_record
TN:
SF:src/exceptions/InvalidValue.ts
FNF:0
FNH:0
DA:1,10
LF:1
LH:1
BRF:0
BRH:0
end_of_record
TN:
SF:src/exceptions/NullValue.ts
FNF:0
FNH:0
DA:1,10
LF:1
LH:1
BRF:0
BRH:0
end_of_record
TN:
SF:src/exceptions/UnexpectedPredicate.ts
FNF:0
FNH:0
DA:1,11
LF:1
LH:1
BRF:0
BRH:0
end_of_record
TN:
SF:src/model/AggregateClass.ts
FN:9,(anonymous_0)
FN:12,(anonymous_1)
FN:16,(anonymous_2)
FN:20,(anonymous_3)
FN:24,(anonymous_4)
FN:31,(anonymous_5)
FN:42,(anonymous_6)
FN:46,(anonymous_7)
FN:48,(anonymous_8)
FNF:9
FNH:9
FNDA:3,(anonymous_0)
FNDA:6,(anonymous_1)
FNDA:2,(anonymous_2)
FNDA:2,(anonymous_3)
FNDA:2,(anonymous_4)
FNDA:2,(anonymous_5)
FNDA:3,(anonymous_6)
FNDA:1,(anonymous_7)
FNDA:2,(anonymous_8)
DA:1,1
DA:3,1
DA:5,1
DA:7,1
DA:8,3
DA:9,3
DA:10,3
DA:11,3
DA:12,6
DA:17,2
DA:21,2
DA:22,2
DA:23,2
DA:24,1
DA:25,2
DA:26,2
DA:27,2
DA:31,1
DA:32,2
DA:33,2
DA:39,2
DA:43,3
DA:47,1
DA:48,2
DA:49,1
LF:25
LH:25
BRDA:22,0,0,2
BRDA:22,0,1,2
BRDA:23,1,0,1
BRDA:23,1,1,1
BRDA:26,2,0,2
BRDA:26,2,1,0
BRDA:32,3,0,2
BRDA:32,3,1,0
BRF:8
BRH:6
end_of_record
TN:
SF:src/model/AggregateObject.ts
FN:4,(anonymous_0)
FN:8,(anonymous_1)
FN:12,(anonymous_2)
FN:16,(anonymous_3)
FN:20,(anonymous_4)
FN:22,(anonymous_5)
FNF:6
FNH:6
FNDA:4,(anonymous_0)
FNDA:3,(anonymous_1)
FNDA:10,(anonymous_2)
FNDA:1,(anonymous_3)
FNDA:1,(anonymous_4)
FNDA:2,(anonymous_5)
DA:1,2
DA:3,2
DA:4,4
DA:5,4
DA:9,3
DA:13,10
DA:17,1
DA:21,1
DA:22,2
DA:26,1
LF:10
LH:10
BRF:0
BRH:0
end_of_record
TN:
SF:src/model/Attribute.ts
FN:8,(anonymous_0)
FN:17,(anonymous_1)
FN:21,(anonymous_2)
FN:25,(anonymous_3)
FN:29,(anonymous_4)
FN:34,(anonymous_5)
FN:38,(anonymous_6)
FNF:7
FNH:7
FNDA:8,(anonymous_0)
FNDA:2,(anonymous_1)
FNDA:9,(anonymous_2)
FNDA:7,(anonymous_3)
FNDA:8,(anonymous_4)
FNDA:1,(anonymous_5)
FNDA:3,(anonymous_6)
DA:1,2
DA:2,2
DA:4,2
DA:8,8
DA:9,8
DA:10,8
DA:11,6
DA:12,2
DA:13,1
DA:18,2
DA:22,9
DA:26,7
DA:30,8
DA:31,8
DA:35,1
DA:39,3
DA:40,3
DA:41,3
LF:18
LH:18
BRDA:10,0,0,6
BRDA:10,0,1,2
BRDA:12,1,0,1
BRDA:12,1,1,1
BRF:4
BRH:4
end_of_record
TN:
SF:src/model/DateClass.ts
FN:8,(anonymous_0)
FN:32,(anonymous_1)
FNF:2
FNH:2
FNDA:6,(anonymous_0)
FNDA:1,(anonymous_1)
DA:1,1
DA:3,1
DA:4,1
DA:5,1
DA:7,1
DA:9,6
DA:10,1
DA:14,5
DA:15,1
DA:16,1
DA:18,4
DA:20,5
DA:21,5
DA:22,1
DA:23,1
DA:24,1
DA:25,4
DA:26,3
DA:27,3
DA:28,3
DA:30,1
DA:33,1
LF:22
LH:22
BRDA:9,0,0,1
BRDA:9,0,1,5
BRDA:14,1,0,1
BRDA:14,1,1,4
BRDA:14,2,0,5
BRDA:14,2,1,3
BRDA:21,3,0,1
BRDA:21,3,1,4
BRDA:25,4,0,3
BRDA:25,4,1,1
BRDA:25,5,0,4
BRDA:25,5,1,3
BRF:12
BRH:12
end_of_record
TN:
SF:src/model/DateObject.ts
FN:4,(anonymous_0)
FN:7,(anonymous_1)
FNF:2
FNH:2
FNDA:1,(anonymous_0)
FNDA:5,(anonymous_1)
DA:1,2
DA:3,2
DA:5,1
DA:8,5
LF:4
LH:4
BRF:0
BRH:0
end_of_record
TN:
SF:src/model/FloatClass.ts
FN:8,(anonymous_0)
FN:28,(anonymous_1)
FNF:2
FNH:2
FNDA:5,(anonymous_0)
FNDA:1,(anonymous_1)
DA:1,1
DA:3,1
DA:4,1
DA:5,1
DA:7,1
DA:9,5
DA:10,1
DA:14,4
DA:15,1
DA:16,1
DA:18,3
DA:20,4
DA:21,4
DA:22,3
DA:23,3
DA:24,3
DA:26,1
DA:29,1
LF:18
LH:18
BRDA:9,0,0,1
BRDA:9,0,1,4
BRDA:14,1,0,1
BRDA:14,1,1,3
BRDA:14,2,0,4
BRDA:14,2,1,2
BRDA:21,3,0,3
BRDA:21,3,1,1
BRDA:21,4,0,4
BRDA:21,4,1,2
BRF:10
BRH:10
end_of_record
TN:
SF:src/model/FloatObject.ts
FN:4,(anonymous_0)
FN:7,(anonymous_1)
FNF:2
FNH:2
FNDA:1,(anonymous_0)
FNDA:4,(anonymous_1)
DA:1,2
DA:3,2
DA:5,1
DA:8,4
LF:4
LH:4
BRF:0
BRH:0
end_of_record
TN:
SF:src/model/IntegerClass.ts
FN:8,(anonymous_0)
FN:28,(anonymous_1)
FNF:2
FNH:2
FNDA:16,(anonymous_0)
FNDA:1,(anonymous_1)
DA:1,6
DA:3,6
DA:4,6
DA:5,6
DA:7,6
DA:9,16
DA:10,1
DA:14,15
DA:15,4
DA:16,4
DA:18,11
DA:20,15
DA:21,15
DA:22,14
DA:23,14
DA:24,14
DA:26,1
DA:29,1
LF:18
LH:18
BRDA:9,0,0,1
BRDA:9,0,1,15
BRDA:14,1,0,4
BRDA:14,1,1,11
BRDA:14,2,0,15
BRDA:14,2,1,5
BRDA:21,3,0,14
BRDA:21,3,1,1
BRDA:21,4,0,15
BRDA:21,4,1,5
BRF:10
BRH:10
end_of_record
TN:
SF:src/model/IntegerObject.ts
FN:4,(anonymous_0)
FN:7,(anonymous_1)
FNF:2
FNH:2
FNDA:4,(anonymous_0)
FNDA:10,(anonymous_1)
DA:1,10
DA:3,10
DA:5,4
DA:8,10
LF:4
LH:4
BRF:0
BRH:0
end_of_record
TN:
SF:src/model/ModelClass.ts
FN:12,(anonymous_0)
FN:18,(anonymous_1)
FN:26,(anonymous_2)
FN:59,(anonymous_3)
FN:67,(anonymous_4)
FNF:5
FNH:5
FNDA:70,(anonymous_0)
FNDA:25,(anonymous_1)
FNDA:5,(anonymous_2)
FNDA:10,(anonymous_3)
FNDA:3,(anonymous_4)
DA:1,11
DA:6,11
DA:7,11
DA:9,11
DA:12,70
DA:13,70
DA:19,25
DA:20,14
DA:21,11
DA:22,1
DA:23,10
DA:24,2
DA:26,5
DA:27,2
DA:28,1
DA:32,1
DA:33,8
DA:34,7
DA:35,7
DA:36,1
DA:40,6
DA:44,4
DA:46,2
DA:53,1
DA:60,10
DA:61,10
DA:62,10
DA:63,2
DA:64,1
DA:65,1
DA:67,3
DA:68,1
DA:69,1
DA:70,1
DA:76,10
LF:35
LH:35
BRDA:19,0,0,14
BRDA:19,0,1,11
BRDA:21,1,0,1
BRDA:21,1,1,10
BRDA:23,2,0,2
BRDA:23,2,1,8
BRDA:27,3,0,1
BRDA:27,3,1,1
BRDA:33,4,0,7
BRDA:33,4,1,1
BRDA:35,5,0,1
BRDA:35,5,1,6
BRDA:40,6,0,4
BRDA:40,6,1,2
BRDA:41,7,0,6
BRDA:41,7,1,5
BRDA:62,8,0,2
BRDA:62,8,1,8
BRDA:63,9,0,1
BRDA:63,9,1,1
BRDA:68,10,0,1
BRDA:68,10,1,0
BRF:22
BRH:21
end_of_record
TN:
SF:src/model/ModelElement.ts
FN:1,toType
FN:22,(anonymous_1)
FN:31,(anonymous_2)
FN:40,(anonymous_3)
FN:43,(anonymous_4)
FN:46,(anonymous_5)
FN:49,(anonymous_6)
FN:52,(anonymous_7)
FN:55,(anonymous_8)
FNF:9
FNH:9
FNDA:17,toType
FNDA:8,(anonymous_1)
FNDA:4,(anonymous_2)
FNDA:27,(anonymous_3)
FNDA:25,(anonymous_4)
FNDA:27,(anonymous_5)
FNDA:26,(anonymous_6)
FNDA:26,(anonymous_7)
FNDA:33,(anonymous_8)
DA:1,22
DA:2,17
DA:3,3
DA:4,14
DA:5,2
DA:6,12
DA:7,2
DA:8,10
DA:9,3
DA:10,7
DA:11,3
DA:12,4
DA:13,3
DA:15,1
DA:18,22
DA:23,8
DA:32,4
DA:41,27
DA:44,25
DA:47,27
DA:50,26
DA:53,26
DA:56,33
LF:23
LH:23
BRDA:2,0,0,3
BRDA:2,0,1,14
BRDA:4,1,0,2
BRDA:4,1,1,12
BRDA:6,2,0,2
BRDA:6,2,1,10
BRDA:8,3,0,3
BRDA:8,3,1,7
BRDA:10,4,0,3
BRDA:10,4,1,4
BRDA:12,5,0,3
BRDA:12,5,1,1
BRDA:24,6,0,8
BRDA:24,6,1,8
BRDA:24,6,2,6
BRDA:24,6,3,2
BRDA:33,7,0,4
BRDA:33,7,1,4
BRDA:33,7,2,3
BRDA:33,7,3,2
BRF:20
BRH:20
end_of_record
TN:
SF:src/model/ModelObject.ts
FN:8,(anonymous_0)
FN:4,(anonymous_1)
FN:15,(anonymous_2)
FN:30,(anonymous_3)
FN:34,(anonymous_4)
FN:42,(anonymous_5)
FN:43,(anonymous_6)
FNF:7
FNH:7
FNDA:180,(anonymous_0)
FNDA:179,(anonymous_1)
FNDA:12,(anonymous_2)
FNDA:17,(anonymous_3)
FNDA:2,(anonymous_4)
FNDA:2,(anonymous_5)
FNDA:2,(anonymous_6)
DA:1,22
DA:3,22
DA:5,179
DA:8,180
DA:9,180
DA:10,180
DA:16,12
DA:17,1
DA:18,11
DA:19,5
DA:21,6
DA:22,2
DA:27,4
DA:31,17
DA:36,2
DA:37,2
DA:41,1
DA:42,2
DA:43,2
DA:45,2
LF:20
LH:20
BRDA:16,0,0,1
BRDA:16,0,1,11
BRDA:18,1,0,5
BRDA:18,1,1,6
BRDA:21,2,0,2
BRDA:21,2,1,4
BRDA:21,3,0,6
BRDA:21,3,1,2
BRDA:37,4,0,1
BRDA:37,4,1,1
BRDA:38,5,0,2
BRDA:38,5,1,1
BRDA:48,6,0,1
BRDA:48,6,1,1
BRF:14
BRH:14
end_of_record
TN:
SF:src/model/PredicateAggregate.ts
FN:5,(anonymous_0)
FN:8,(anonymous_1)
FN:11,(anonymous_2)
FN:14,(anonymous_3)
FN:17,(anonymous_4)
FN:20,(anonymous_5)
FNF:6
FNH:6
FNDA:2,(anonymous_0)
FNDA:1,(anonymous_1)
FNDA:1,(anonymous_2)
FNDA:1,(anonymous_3)
FNDA:1,(anonymous_4)
FNDA:1,(anonymous_5)
DA:4,2
DA:6,2
DA:9,1
DA:12,1
DA:15,1
DA:18,1
DA:21,1
LF:7
LH:7
BRF:0
BRH:0
end_of_record
TN:
SF:src/model/PredicateEnumeration.ts
FN:5,(anonymous_0)
FN:6,(anonymous_1)
FN:10,(anonymous_2)
FN:17,(anonymous_3)
FN:19,(anonymous_4)
FN:22,(anonymous_5)
FN:26,(anonymous_6)
FN:31,(anonymous_7)
FN:33,(anonymous_8)
FN:36,(anonymous_9)
FN:39,(anonymous_10)
FN:42,(anonymous_11)
FN:45,(anonymous_12)
FN:48,(anonymous_13)
FN:51,(anonymous_14)
FNF:15
FNH:15
FNDA:12,(anonymous_0)
FNDA:5,(anonymous_1)
FNDA:2,(anonymous_2)
FNDA:1,(anonymous_3)
FNDA:2,(anonymous_4)
FNDA:5,(anonymous_5)
FNDA:7,(anonymous_6)
FNDA:1,(anonymous_7)
FNDA:2,(anonymous_8)
FNDA:3,(anonymous_9)
FNDA:4,(anonymous_10)
FNDA:1,(anonymous_11)
FNDA:11,(anonymous_12)
FNDA:1,(anonymous_13)
FNDA:1,(anonymous_14)
DA:4,2
DA:5,12
DA:7,5
DA:8,1
DA:10,4
DA:11,4
DA:12,3
DA:14,1
DA:18,1
DA:19,2
DA:23,5
DA:24,1
DA:26,7
DA:27,4
DA:28,4
DA:32,1
DA:33,2
DA:37,3
DA:40,4
DA:43,1
DA:46,11
DA:49,1
DA:52,1
LF:23
LH:23
BRDA:7,0,0,1
BRDA:7,0,1,4
BRDA:11,1,0,3
BRDA:11,1,1,1
BRDA:18,2,0,1
BRDA:18,2,1,0
BRDA:23,3,0,1
BRDA:23,3,1,4
BRDA:27,4,0,4
BRDA:27,4,1,0
BRDA:32,5,0,1
BRDA:32,5,1,0
BRF:12
BRH:9
end_of_record
TN:
SF:src/model/PredicateRange.ts
FN:5,(anonymous_0)
FN:12,(anonymous_1)
FN:15,(anonymous_2)
FN:18,(anonymous_3)
FN:21,(anonymous_4)
FN:24,(anonymous_5)
FN:27,(anonymous_6)
FNF:7
FNH:7
FNDA:9,(anonymous_0)
FNDA:8,(anonymous_1)
FNDA:9,(anonymous_2)
FNDA:9,(anonymous_3)
FNDA:1,(anonymous_4)
FNDA:14,(anonymous_5)
FNDA:13,(anonymous_6)
DA:4,2
DA:5,9
DA:6,9
DA:7,1
DA:8,1
DA:9,1
DA:13,8
DA:16,9
DA:19,9
DA:22,1
DA:25,14
DA:28,13
LF:12
LH:12
BRDA:6,0,0,1
BRDA:6,0,1,8
BRF:2
BRH:2
end_of_record
TN:
SF:src/model/SetClass.ts
FN:10,(anonymous_0)
FN:14,(anonymous_1)
FN:18,(anonymous_2)
FN:23,(anonymous_3)
FN:29,(anonymous_4)
FN:35,(anonymous_5)
FN:39,(anonymous_6)
FNF:7
FNH:7
FNDA:6,(anonymous_0)
FNDA:11,(anonymous_1)
FNDA:6,(anonymous_2)
FNDA:5,(anonymous_3)
FNDA:9,(anonymous_4)
FNDA:2,(anonymous_5)
FNDA:1,(anonymous_6)
DA:1,1
DA:3,1
DA:4,1
DA:5,1
DA:7,1
DA:10,6
DA:11,6
DA:15,11
DA:19,6
DA:20,6
DA:24,5
DA:25,1
DA:27,4
DA:28,3
DA:29,9
DA:32,1
DA:36,2
DA:40,1
DA:41,1
DA:42,1
DA:44,1
LF:21
LH:21
BRDA:24,0,0,1
BRDA:24,0,1,4
BRDA:27,1,0,3
BRDA:27,1,1,1
BRDA:41,2,0,1
BRDA:41,2,1,0
BRF:6
BRH:5
end_of_record
TN:
SF:src/model/SetObject.ts
FN:4,(anonymous_0)
FN:6,(anonymous_1)
FN:9,(anonymous_2)
FN:12,(anonymous_3)
FN:13,(anonymous_4)
FNF:5
FNH:5
FNDA:1,(anonymous_0)
FNDA:3,(anonymous_1)
FNDA:4,(anonymous_2)
FNDA:1,(anonymous_3)
FNDA:4,(anonymous_4)
DA:1,2
DA:3,2
DA:5,1
DA:6,3
DA:10,4
DA:13,4
LF:6
LH:6
BRF:0
BRH:0
end_of_record
TN:
SF:src/model/StringClass.ts
FN:8,(anonymous_0)
FN:28,(anonymous_1)
FNF:2
FNH:2
FNDA:6,(anonymous_0)
FNDA:1,(anonymous_1)
DA:1,3
DA:3,3
DA:4,3
DA:5,3
DA:7,3
DA:9,6
DA:10,1
DA:14,5
DA:15,1
DA:16,1
DA:18,4
DA:20,5
DA:21,5
DA:22,4
DA:23,4
DA:24,4
DA:26,1
DA:29,1
LF:18
LH:18
BRDA:9,0,0,1
BRDA:9,0,1,5
BRDA:14,1,0,1
BRDA:14,1,1,4
BRDA:14,2,0,5
BRDA:14,2,1,1
BRDA:21,3,0,4
BRDA:21,3,1,1
BRF:8
BRH:8
end_of_record
TN:
SF:src/model/StringObject.ts
FN:4,(anonymous_0)
FN:8,(anonymous_1)
FNF:2
FNH:2
FNDA:1,(anonymous_0)
FNDA:3,(anonymous_1)
DA:1,5
DA:3,5
DA:5,1
DA:9,3
LF:4
LH:4
BRF:0
BRH:0
end_of_record
